03/10/2023 04:14:18 PM: INFO: ====== WebDriver manager ======
03/10/2023 04:14:25 PM: INFO: Get LATEST chromedriver version for google-chrome 111.0.5563
03/10/2023 04:14:25 PM: INFO: There is no [mac64] chromedriver for browser 111.0.5563 in cache
03/10/2023 04:14:25 PM: INFO: About to download new driver from https://chromedriver.storage.googleapis.com/111.0.5563.64/chromedriver_mac64.zip
03/10/2023 04:14:27 PM: INFO: Driver has been saved in cache [/Users/srajan.gupta/.wdm/drivers/chromedriver/mac64/111.0.5563]
03/10/2023 04:14:32 PM: INFO: test start
03/10/2023 04:17:47 PM: INFO: ====== WebDriver manager ======
03/10/2023 04:17:47 PM: INFO: Get LATEST chromedriver version for google-chrome 111.0.5563
03/10/2023 04:17:48 PM: INFO: Driver [/Users/srajan.gupta/.wdm/drivers/chromedriver/mac64/111.0.5563/chromedriver] found in cache
03/10/2023 04:17:50 PM: INFO: test start
03/10/2023 04:19:30 PM: INFO: ====== WebDriver manager ======
03/10/2023 04:19:30 PM: INFO: Get LATEST chromedriver version for google-chrome 111.0.5563
03/10/2023 04:19:31 PM: INFO: Driver [/Users/srajan.gupta/.wdm/drivers/chromedriver/mac64/111.0.5563/chromedriver] found in cache
03/10/2023 04:19:33 PM: INFO: test start
03/16/2023 12:08:32 PM: INFO: ====== WebDriver manager ======
03/16/2023 12:08:32 PM: INFO: Get LATEST chromedriver version for google-chrome 111.0.5563
03/16/2023 12:08:33 PM: INFO: About to download new driver from https://chromedriver.storage.googleapis.com/111.0.5563.64/chromedriver_mac64.zip
03/16/2023 12:08:42 PM: INFO: Driver has been saved in cache [/Users/srajan.gupta/.wdm/drivers/chromedriver/mac64/111.0.5563]
03/16/2023 12:08:45 PM: INFO: test start
03/16/2023 12:12:00 PM: INFO: ====== WebDriver manager ======
03/16/2023 12:12:00 PM: INFO: Get LATEST chromedriver version for google-chrome 111.0.5563
03/16/2023 12:12:00 PM: INFO: Driver [/Users/srajan.gupta/.wdm/drivers/chromedriver/mac64/111.0.5563/chromedriver] found in cache
03/16/2023 12:12:03 PM: INFO: test start
03/16/2023 12:12:51 PM: INFO: ====== WebDriver manager ======
03/16/2023 12:12:51 PM: INFO: Get LATEST chromedriver version for google-chrome 111.0.5563
03/16/2023 12:12:52 PM: INFO: Driver [/Users/srajan.gupta/.wdm/drivers/chromedriver/mac64/111.0.5563/chromedriver] found in cache
03/16/2023 12:12:54 PM: INFO: test start
03/16/2023 12:15:01 PM: INFO: ====== WebDriver manager ======
03/16/2023 12:15:01 PM: INFO: Get LATEST chromedriver version for google-chrome 111.0.5563
03/16/2023 12:15:01 PM: INFO: Driver [/Users/srajan.gupta/.wdm/drivers/chromedriver/mac64/111.0.5563/chromedriver] found in cache
03/16/2023 12:15:04 PM: INFO: test start
03/16/2023 12:17:40 PM: INFO: ====== WebDriver manager ======
03/16/2023 12:17:40 PM: INFO: Get LATEST chromedriver version for google-chrome 111.0.5563
03/16/2023 12:17:40 PM: INFO: Driver [/Users/srajan.gupta/.wdm/drivers/chromedriver/mac64/111.0.5563/chromedriver] found in cache
03/16/2023 12:17:43 PM: INFO: test start
03/16/2023 12:21:15 PM: INFO: ====== WebDriver manager ======
03/16/2023 12:21:15 PM: INFO: Get LATEST chromedriver version for google-chrome 111.0.5563
03/16/2023 12:21:16 PM: INFO: Driver [/Users/srajan.gupta/.wdm/drivers/chromedriver/mac64/111.0.5563/chromedriver] found in cache
03/16/2023 12:21:18 PM: INFO: test start
03/16/2023 12:22:45 PM: INFO: ====== WebDriver manager ======
03/16/2023 12:22:45 PM: INFO: Get LATEST chromedriver version for google-chrome 111.0.5563
03/16/2023 12:22:45 PM: INFO: Driver [/Users/srajan.gupta/.wdm/drivers/chromedriver/mac64/111.0.5563/chromedriver] found in cache
03/16/2023 12:22:48 PM: INFO: test start
03/16/2023 12:27:50 PM: INFO: ====== WebDriver manager ======
03/16/2023 12:27:50 PM: INFO: Get LATEST chromedriver version for google-chrome 111.0.5563
03/16/2023 12:27:51 PM: INFO: Driver [/Users/srajan.gupta/.wdm/drivers/chromedriver/mac64/111.0.5563/chromedriver] found in cache
03/16/2023 12:27:53 PM: INFO: test start
03/16/2023 01:46:13 PM: INFO: ====== WebDriver manager ======
03/16/2023 01:46:13 PM: INFO: Get LATEST chromedriver version for google-chrome 111.0.5563
03/16/2023 01:46:14 PM: INFO: Driver [/Users/srajan.gupta/.wdm/drivers/chromedriver/mac64/111.0.5563/chromedriver] found in cache
03/16/2023 01:46:16 PM: INFO: test start
03/16/2023 01:49:14 PM: INFO: ====== WebDriver manager ======
03/16/2023 01:49:14 PM: INFO: Get LATEST chromedriver version for google-chrome 111.0.5563
03/16/2023 01:49:14 PM: INFO: Driver [/Users/srajan.gupta/.wdm/drivers/chromedriver/mac64/111.0.5563/chromedriver] found in cache
03/16/2023 01:49:17 PM: INFO: test start
03/16/2023 01:53:33 PM: INFO: ====== WebDriver manager ======
03/16/2023 01:53:33 PM: INFO: Get LATEST chromedriver version for google-chrome 111.0.5563
03/16/2023 01:53:33 PM: INFO: Driver [/Users/srajan.gupta/.wdm/drivers/chromedriver/mac64/111.0.5563/chromedriver] found in cache
03/16/2023 01:53:36 PM: INFO: test start
03/16/2023 01:55:45 PM: INFO: ====== WebDriver manager ======
03/16/2023 01:55:45 PM: INFO: Get LATEST chromedriver version for google-chrome 111.0.5563
03/16/2023 01:55:46 PM: INFO: Driver [/Users/srajan.gupta/.wdm/drivers/chromedriver/mac64/111.0.5563/chromedriver] found in cache
03/16/2023 01:55:48 PM: INFO: test start
03/16/2023 02:21:09 PM: INFO: ====== WebDriver manager ======
03/16/2023 02:21:09 PM: INFO: Get LATEST chromedriver version for google-chrome 111.0.5563
03/16/2023 02:21:09 PM: INFO: Driver [/Users/srajan.gupta/.wdm/drivers/chromedriver/mac64/111.0.5563/chromedriver] found in cache
03/16/2023 02:21:12 PM: INFO: test start
03/16/2023 02:21:27 PM: INFO: ====== WebDriver manager ======
03/16/2023 02:21:27 PM: INFO: Get LATEST chromedriver version for google-chrome 111.0.5563
03/16/2023 02:21:28 PM: INFO: Driver [/Users/srajan.gupta/.wdm/drivers/chromedriver/mac64/111.0.5563/chromedriver] found in cache
03/16/2023 02:21:33 PM: INFO: test start
03/16/2023 03:01:35 PM: INFO: ====== WebDriver manager ======
03/16/2023 03:01:35 PM: INFO: Get LATEST chromedriver version for google-chrome 111.0.5563
03/16/2023 03:01:35 PM: INFO: Driver [/Users/srajan.gupta/.wdm/drivers/chromedriver/mac64/111.0.5563/chromedriver] found in cache
03/16/2023 03:01:38 PM: INFO: test start
03/16/2023 03:07:29 PM: INFO: ====== WebDriver manager ======
03/16/2023 03:07:29 PM: INFO: Get LATEST chromedriver version for google-chrome 111.0.5563
03/16/2023 03:07:30 PM: INFO: Driver [/Users/srajan.gupta/.wdm/drivers/chromedriver/mac64/111.0.5563/chromedriver] found in cache
03/16/2023 03:07:32 PM: INFO: test start
03/16/2023 03:20:27 PM: INFO: ====== WebDriver manager ======
03/16/2023 03:20:27 PM: INFO: Get LATEST chromedriver version for google-chrome 111.0.5563
03/16/2023 03:20:28 PM: INFO: Driver [/Users/srajan.gupta/.wdm/drivers/chromedriver/mac64/111.0.5563/chromedriver] found in cache
03/16/2023 03:20:30 PM: INFO: test start
03/16/2023 03:28:25 PM: INFO: ====== WebDriver manager ======
03/16/2023 03:28:25 PM: INFO: Get LATEST chromedriver version for google-chrome 111.0.5563
03/16/2023 03:28:25 PM: INFO: Driver [/Users/srajan.gupta/.wdm/drivers/chromedriver/mac64/111.0.5563/chromedriver] found in cache
03/16/2023 03:28:28 PM: INFO: test start
03/16/2023 03:29:32 PM: INFO: ====== WebDriver manager ======
03/16/2023 03:29:32 PM: INFO: Get LATEST chromedriver version for google-chrome 111.0.5563
03/16/2023 03:29:32 PM: INFO: Driver [/Users/srajan.gupta/.wdm/drivers/chromedriver/mac64/111.0.5563/chromedriver] found in cache
03/16/2023 03:29:34 PM: INFO: test start
03/16/2023 03:31:28 PM: INFO: ====== WebDriver manager ======
03/16/2023 03:31:28 PM: INFO: Get LATEST chromedriver version for google-chrome 111.0.5563
03/16/2023 03:31:28 PM: INFO: Driver [/Users/srajan.gupta/.wdm/drivers/chromedriver/mac64/111.0.5563/chromedriver] found in cache
03/16/2023 03:31:30 PM: INFO: test start
03/16/2023 03:43:56 PM: INFO: ====== WebDriver manager ======
03/16/2023 03:43:56 PM: INFO: Get LATEST chromedriver version for google-chrome 111.0.5563
03/16/2023 03:43:56 PM: INFO: Driver [/Users/srajan.gupta/.wdm/drivers/chromedriver/mac64/111.0.5563/chromedriver] found in cache
03/16/2023 03:43:59 PM: INFO: test start
03/16/2023 03:46:15 PM: INFO: ====== WebDriver manager ======
03/16/2023 03:46:16 PM: INFO: Get LATEST chromedriver version for google-chrome 111.0.5563
03/16/2023 03:46:16 PM: INFO: Driver [/Users/srajan.gupta/.wdm/drivers/chromedriver/mac64/111.0.5563/chromedriver] found in cache
03/16/2023 03:46:19 PM: INFO: test start
03/16/2023 03:59:41 PM: INFO: ====== WebDriver manager ======
03/16/2023 03:59:42 PM: INFO: Get LATEST chromedriver version for google-chrome 111.0.5563
03/16/2023 03:59:42 PM: INFO: Driver [/Users/srajan.gupta/.wdm/drivers/chromedriver/mac64/111.0.5563/chromedriver] found in cache
03/16/2023 03:59:45 PM: INFO: test start
03/16/2023 04:03:56 PM: INFO: ====== WebDriver manager ======
03/16/2023 04:03:56 PM: INFO: Get LATEST chromedriver version for google-chrome 111.0.5563
03/16/2023 04:03:57 PM: INFO: Driver [/Users/srajan.gupta/.wdm/drivers/chromedriver/mac64/111.0.5563/chromedriver] found in cache
03/16/2023 04:03:59 PM: INFO: test start
03/16/2023 04:04:54 PM: INFO: ====== WebDriver manager ======
03/16/2023 04:04:54 PM: INFO: Get LATEST chromedriver version for google-chrome 111.0.5563
03/16/2023 04:04:55 PM: INFO: Driver [/Users/srajan.gupta/.wdm/drivers/chromedriver/mac64/111.0.5563/chromedriver] found in cache
03/16/2023 04:04:57 PM: INFO: test start
03/16/2023 04:57:33 PM: INFO: ====== WebDriver manager ======
03/16/2023 04:57:33 PM: INFO: Get LATEST chromedriver version for google-chrome 111.0.5563
03/16/2023 04:57:34 PM: INFO: Driver [/Users/srajan.gupta/.wdm/drivers/chromedriver/mac64/111.0.5563/chromedriver] found in cache
03/16/2023 04:57:36 PM: INFO: test start
03/16/2023 04:59:47 PM: INFO: ====== WebDriver manager ======
03/16/2023 04:59:48 PM: INFO: Get LATEST chromedriver version for google-chrome 111.0.5563
03/16/2023 04:59:48 PM: INFO: Driver [/Users/srajan.gupta/.wdm/drivers/chromedriver/mac64/111.0.5563/chromedriver] found in cache
03/16/2023 04:59:50 PM: INFO: test start
03/16/2023 05:00:05 PM: INFO: ====== WebDriver manager ======
03/16/2023 05:00:05 PM: INFO: Get LATEST chromedriver version for google-chrome 111.0.5563
03/16/2023 05:00:06 PM: INFO: Driver [/Users/srajan.gupta/.wdm/drivers/chromedriver/mac64/111.0.5563/chromedriver] found in cache
03/16/2023 05:00:08 PM: INFO: test start
03/16/2023 05:01:05 PM: INFO: ====== WebDriver manager ======
03/16/2023 05:01:05 PM: INFO: Get LATEST chromedriver version for google-chrome 111.0.5563
03/16/2023 05:01:06 PM: INFO: Driver [/Users/srajan.gupta/.wdm/drivers/chromedriver/mac64/111.0.5563/chromedriver] found in cache
03/16/2023 05:01:08 PM: INFO: test start
03/16/2023 05:01:53 PM: INFO: ====== WebDriver manager ======
03/16/2023 05:01:54 PM: INFO: Get LATEST chromedriver version for google-chrome 111.0.5563
03/16/2023 05:01:54 PM: INFO: Driver [/Users/srajan.gupta/.wdm/drivers/chromedriver/mac64/111.0.5563/chromedriver] found in cache
03/16/2023 05:01:57 PM: INFO: test start
03/16/2023 05:07:46 PM: INFO: ====== WebDriver manager ======
03/16/2023 05:07:46 PM: INFO: Get LATEST chromedriver version for google-chrome 111.0.5563
03/16/2023 05:07:47 PM: INFO: Driver [/Users/srajan.gupta/.wdm/drivers/chromedriver/mac64/111.0.5563/chromedriver] found in cache
03/16/2023 05:07:49 PM: INFO: test start
03/16/2023 05:08:04 PM: INFO: ====== WebDriver manager ======
03/16/2023 05:08:04 PM: INFO: Get LATEST chromedriver version for google-chrome 111.0.5563
03/16/2023 05:08:04 PM: INFO: Driver [/Users/srajan.gupta/.wdm/drivers/chromedriver/mac64/111.0.5563/chromedriver] found in cache
03/16/2023 05:08:06 PM: INFO: test start
03/16/2023 05:10:21 PM: INFO: ====== WebDriver manager ======
03/16/2023 05:10:21 PM: INFO: Get LATEST chromedriver version for google-chrome 111.0.5563
03/16/2023 05:10:21 PM: INFO: Driver [/Users/srajan.gupta/.wdm/drivers/chromedriver/mac64/111.0.5563/chromedriver] found in cache
03/16/2023 05:10:23 PM: INFO: test start
03/16/2023 05:11:05 PM: INFO: ====== WebDriver manager ======
03/16/2023 05:11:05 PM: INFO: Get LATEST chromedriver version for google-chrome 111.0.5563
03/16/2023 05:11:05 PM: INFO: Driver [/Users/srajan.gupta/.wdm/drivers/chromedriver/mac64/111.0.5563/chromedriver] found in cache
03/16/2023 05:11:08 PM: INFO: test start
03/16/2023 05:14:42 PM: INFO: ====== WebDriver manager ======
03/16/2023 05:14:42 PM: INFO: Get LATEST chromedriver version for google-chrome 111.0.5563
03/16/2023 05:14:42 PM: INFO: Driver [/Users/srajan.gupta/.wdm/drivers/chromedriver/mac64/111.0.5563/chromedriver] found in cache
03/16/2023 05:14:44 PM: INFO: test start
03/16/2023 05:15:52 PM: INFO: ====== WebDriver manager ======
03/16/2023 05:15:52 PM: INFO: Get LATEST chromedriver version for google-chrome 111.0.5563
03/16/2023 05:15:52 PM: INFO: Driver [/Users/srajan.gupta/.wdm/drivers/chromedriver/mac64/111.0.5563/chromedriver] found in cache
03/16/2023 05:15:54 PM: INFO: test start
03/16/2023 05:17:37 PM: INFO: ====== WebDriver manager ======
03/16/2023 05:17:37 PM: INFO: Get LATEST chromedriver version for google-chrome 111.0.5563
03/16/2023 05:17:38 PM: INFO: Driver [/Users/srajan.gupta/.wdm/drivers/chromedriver/mac64/111.0.5563/chromedriver] found in cache
03/16/2023 05:17:40 PM: INFO: test start
03/16/2023 05:21:34 PM: INFO: ====== WebDriver manager ======
03/16/2023 05:21:34 PM: INFO: Get LATEST chromedriver version for google-chrome 111.0.5563
03/16/2023 05:21:34 PM: INFO: Driver [/Users/srajan.gupta/.wdm/drivers/chromedriver/mac64/111.0.5563/chromedriver] found in cache
03/16/2023 05:21:37 PM: INFO: test start
03/16/2023 05:22:49 PM: INFO: ====== WebDriver manager ======
03/16/2023 05:22:49 PM: INFO: Get LATEST chromedriver version for google-chrome 111.0.5563
03/16/2023 05:22:49 PM: INFO: Driver [/Users/srajan.gupta/.wdm/drivers/chromedriver/mac64/111.0.5563/chromedriver] found in cache
03/16/2023 05:22:51 PM: INFO: test start
